<?xml version="1.0" encoding="UTF-8"?>
<testsuite name="demo.UserControllerTest" tests="1" skipped="0" failures="0" errors="0" timestamp="2016-02-03T20:07:57" hostname="VRD-WMDEV-JE1.manhdev.com" time="0.386">
  <properties/>
  <testcase name="getHello" classname="demo.UserControllerTest" time="0.386"/>
  <system-out><![CDATA[15:07:56.418 [Test worker] DEBUG o.s.t.c.j.SpringJUnit4ClassRunner - SpringJUnit4ClassRunner constructor called with [class demo.UserControllerTest]
15:07:56.427 [Test worker] DEBUG o.s.test.context.BootstrapUtils - Instantiating CacheAwareContextLoaderDelegate from class [org.springframework.test.context.cache.DefaultCacheAwareContextLoaderDelegate]
15:07:56.433 [Test worker] DEBUG o.s.test.context.BootstrapUtils - Instantiating BootstrapContext using constructor [public org.springframework.test.context.support.DefaultBootstrapContext(java.lang.Class,org.springframework.test.context.CacheAwareContextLoaderDelegate)]
15:07:56.448 [Test worker] DEBUG o.s.test.context.BootstrapUtils - Instantiating TestContextBootstrapper for test class [demo.UserControllerTest] from class [org.springframework.test.context.web.WebTestContextBootstrapper]
15:07:56.476 [Test worker] DEBUG o.s.t.c.w.WebTestContextBootstrapper - Found explicit ContextLoader class [org.springframework.boot.test.SpringApplicationContextLoader] for context configuration attributes [ContextConfigurationAttributes@4a5a9da4 declaringClass = 'demo.UserControllerTest', classes = '{class org.springframework.mock.web.MockServletContext}', locations = '{}', inheritLocations = true, initializers = '{}', inheritInitializers = true, name = [null], contextLoaderClass = 'org.springframework.boot.test.SpringApplicationContextLoader']
15:07:56.487 [Test worker] DEBUG o.s.t.c.s.AbstractContextLoader - Did not detect default resource location for test class [demo.UserControllerTest]: class path resource [demo/UserControllerTest-context.xml] does not exist
15:07:56.487 [Test worker] DEBUG o.s.t.c.s.AbstractContextLoader - Did not detect default resource location for test class [demo.UserControllerTest]: class path resource [demo/UserControllerTestContext.groovy] does not exist
15:07:56.488 [Test worker] INFO  o.s.t.c.s.AbstractContextLoader - Could not detect default resource locations for test class [demo.UserControllerTest]: no resource found for suffixes {-context.xml, Context.groovy}.
15:07:56.491 [Test worker] DEBUG o.s.t.c.support.ActiveProfilesUtils - Could not find an 'annotation declaring class' for annotation type [org.springframework.test.context.ActiveProfiles] and class [demo.UserControllerTest]
15:07:56.496 [Test worker] DEBUG o.s.t.c.w.WebTestContextBootstrapper - @TestExecutionListeners is not present for class [demo.UserControllerTest]: using defaults.
15:07:56.517 [Test worker] INFO  o.s.t.c.w.WebTestContextBootstrapper - Loaded default TestExecutionListener class names from location [META-INF/spring.factories]: [org.springframework.test.context.web.ServletTestExecutionListener, org.springframework.test.context.support.DirtiesContextBeforeModesTestExecutionListener, org.springframework.test.context.support.DependencyInjectionTestExecutionListener, org.springframework.test.context.support.DirtiesContextTestExecutionListener, org.springframework.test.context.transaction.TransactionalTestExecutionListener, org.springframework.test.context.jdbc.SqlScriptsTestExecutionListener]
15:07:56.530 [Test worker] INFO  o.s.t.c.w.WebTestContextBootstrapper - Could not instantiate TestExecutionListener [org.springframework.test.context.jdbc.SqlScriptsTestExecutionListener]. Specify custom listener classes or make the default listener classes (and their required dependencies) available. Offending class: [org/springframework/transaction/interceptor/TransactionAttribute]
15:07:56.536 [Test worker] INFO  o.s.t.c.w.WebTestContextBootstrapper - Could not instantiate TestExecutionListener [org.springframework.test.context.transaction.TransactionalTestExecutionListener]. Specify custom listener classes or make the default listener classes (and their required dependencies) available. Offending class: [org/springframework/transaction/TransactionDefinition]
15:07:56.540 [Test worker] INFO  o.s.t.c.w.WebTestContextBootstrapper - Using TestExecutionListeners: [org.springframework.test.context.web.ServletTestExecutionListener@2462ea85, org.springframework.test.context.support.DirtiesContextBeforeModesTestExecutionListener@5a12d46c, org.springframework.test.context.support.DependencyInjectionTestExecutionListener@a382ca7, org.springframework.test.context.support.DirtiesContextTestExecutionListener@6dfb8d2e]
15:07:56.544 [Test worker] DEBUG o.s.t.annotation.ProfileValueUtils - Retrieved @ProfileValueSourceConfiguration [null] for test class [demo.UserControllerTest]
15:07:56.546 [Test worker] DEBUG o.s.t.annotation.ProfileValueUtils - Retrieved ProfileValueSource type [class org.springframework.test.annotation.SystemProfileValueSource] for class [demo.UserControllerTest]
15:07:56.553 [Test worker] DEBUG o.s.t.annotation.ProfileValueUtils - Retrieved @ProfileValueSourceConfiguration [null] for test class [demo.UserControllerTest]
15:07:56.553 [Test worker] DEBUG o.s.t.annotation.ProfileValueUtils - Retrieved ProfileValueSource type [class org.springframework.test.annotation.SystemProfileValueSource] for class [demo.UserControllerTest]
15:07:56.555 [Test worker] DEBUG o.s.t.annotation.ProfileValueUtils - Retrieved @ProfileValueSourceConfiguration [null] for test class [demo.UserControllerTest]
15:07:56.556 [Test worker] DEBUG o.s.t.annotation.ProfileValueUtils - Retrieved ProfileValueSource type [class org.springframework.test.annotation.SystemProfileValueSource] for class [demo.UserControllerTest]
15:07:56.560 [Test worker] DEBUG o.s.t.c.s.AbstractDirtiesContextTestExecutionListener - Before test class: context [DefaultTestContext@615f8156 testClass = UserControllerTest, testInstance = [null], testMethod = [null], testException = [null], mergedContextConfiguration = [WebMergedContextConfiguration@4524670b testClass = UserControllerTest, locations = '{}', classes = '{class org.springframework.mock.web.MockServletContext}', contextInitializerClasses = '[]', activeProfiles = '{}', propertySourceLocations = '{}', propertySourceProperties = '{}', resourceBasePath = 'src/main/webapp', contextLoader = 'org.springframework.boot.test.SpringApplicationContextLoader', parent = [null]]], class annotated with @DirtiesContext [false] with mode [null].
15:07:56.562 [Test worker] DEBUG o.s.t.annotation.ProfileValueUtils - Retrieved @ProfileValueSourceConfiguration [null] for test class [demo.UserControllerTest]
15:07:56.562 [Test worker] DEBUG o.s.t.annotation.ProfileValueUtils - Retrieved ProfileValueSource type [class org.springframework.test.annotation.SystemProfileValueSource] for class [demo.UserControllerTest]
15:07:56.714 [Test worker] DEBUG o.s.core.env.StandardEnvironment - Adding [systemProperties] PropertySource with lowest search precedence
15:07:56.716 [Test worker] DEBUG o.s.core.env.StandardEnvironment - Adding [systemEnvironment] PropertySource with lowest search precedence
15:07:56.717 [Test worker] DEBUG o.s.core.env.StandardEnvironment - Initialized StandardEnvironment with PropertySources [systemProperties,systemEnvironment]
15:07:56.719 [Test worker] DEBUG o.s.core.env.StandardEnvironment - Adding [integrationTest] PropertySource with search precedence immediately lower than [systemEnvironment]

  .   ____          _            __ _ _
 /\\ / ___'_ __ _ _(_)_ __  __ _ \ \ \ \
( ( )\___ | '_ | '_| | '_ \/ _` | \ \ \ \
 \\/  ___)| |_)| | | | | || (_| |  ) ) ) )
  '  |____| .__|_| |_|_| |_\__, | / / / /
 =========|_|==============|___/=/_/_/_/
 :: Spring Boot ::        (v1.3.2.RELEASE)

2016-02-03 15:07:57.249  INFO 2794 --- [    Test worker] demo.UserControllerTest                  : Starting UserControllerTest on VRD-WMDEV-JE1.manhdev.com with PID 2794 (/data/WM2016/yuna-ws/gs-spring-boot/complete/build/classes/test started by wm2016 in /data/WM2016/yuna-ws/gs-spring-boot/complete)
2016-02-03 15:07:57.250  INFO 2794 --- [    Test worker] demo.UserControllerTest                  : No active profile set, falling back to default profiles: default
2016-02-03 15:07:57.306  INFO 2794 --- [    Test worker] o.s.w.c.s.GenericWebApplicationContext   : Refreshing org.springframework.web.context.support.GenericWebApplicationContext@a5f8c6a: startup date [Wed Feb 03 15:07:57 EST 2016]; root of context hierarchy
2016-02-03 15:07:57.690  INFO 2794 --- [    Test worker] demo.UserControllerTest                  : Started UserControllerTest in 0.96 seconds (JVM running for 2.669)
2016-02-03 15:07:57.807  INFO 2794 --- [    Test worker] ilder$StaticRequestMappingHandlerMapping : Mapped "{[/login],methods=[POST]}" onto public java.lang.String demo.UserController.loginNew(java.lang.String)
2016-02-03 15:07:57.812  INFO 2794 --- [    Test worker] ilder$StaticRequestMappingHandlerMapping : Mapped "{[/]}" onto public java.lang.String demo.UserController.index()
2016-02-03 15:07:57.812  INFO 2794 --- [    Test worker] ilder$StaticRequestMappingHandlerMapping : Mapped "{[/user/{userId}],methods=[GET]}" onto public java.lang.String demo.UserController.user(java.lang.String)
2016-02-03 15:07:57.812  INFO 2794 --- [    Test worker] ilder$StaticRequestMappingHandlerMapping : Mapped "{[/login],methods=[GET]}" onto public java.lang.String demo.UserController.login(java.lang.String)
2016-02-03 15:07:57.983  INFO 2794 --- [    Test worker] s.w.s.m.m.a.RequestMappingHandlerAdapter : Looking for @ControllerAdvice: org.springframework.test.web.servlet.setup.StubWebApplicationContext@7358a61e
2016-02-03 15:07:58.045  INFO 2794 --- [    Test worker] o.s.mock.web.MockServletContext          : Initializing Spring FrameworkServlet ''
2016-02-03 15:07:58.045  INFO 2794 --- [    Test worker] o.s.t.web.servlet.TestDispatcherServlet  : FrameworkServlet '': initialization started
2016-02-03 15:07:58.046  INFO 2794 --- [    Test worker] o.s.t.web.servlet.TestDispatcherServlet  : FrameworkServlet '': initialization completed in 1 ms
]]></system-out>
  <system-err><![CDATA[]]></system-err>
</testsuite>
